Sat Dec 08 23:47:29 EET 2018::Connected
Sat Dec 08 23:47:29 EET 2018::Statement created from connection
Sat Dec 08 23:47:29 EET 2018::Statement created from connection
Sat Dec 08 23:47:29 EET 2018::Statement created from connection
Sat Dec 08 23:47:29 EET 2018::Statement created from connection
Sat Dec 08 23:47:29 EET 2018::Statement created from connection
Sat Dec 08 23:47:29 EET 2018::Statement created from connection
Sat Dec 08 23:47:29 EET 2018::Statement created from connection
Sat Dec 08 23:47:29 EET 2018::Statement created from connection
Sat Dec 08 23:47:29 EET 2018::Statement created from connection
Sat Dec 08 23:47:29 EET 2018::Connection closed
Sat Dec 08 23:47:29 EET 2018::Connected
Sat Dec 08 23:47:29 EET 2018::Statement created from connection
Sat Dec 08 23:47:29 EET 2018::Statement created from connection
Sat Dec 08 23:47:29 EET 2018::Connection closed
Sat Dec 08 23:47:29 EET 2018::Connected
Sat Dec 08 23:47:29 EET 2018::Statement created from connection
Sat Dec 08 23:47:29 EET 2018::Statement created from connection
Sat Dec 08 23:47:29 EET 2018::Connection closed
Sat Dec 08 23:47:29 EET 2018::Connected
Sat Dec 08 23:47:29 EET 2018::Statement created from connection
Sat Dec 08 23:47:29 EET 2018::Statement created from connection
Sat Dec 08 23:47:29 EET 2018::Connection closed
Sat Dec 08 23:47:29 EET 2018::Connected
Sat Dec 08 23:47:29 EET 2018::Statement created from connection
Sat Dec 08 23:47:29 EET 2018::Statement created from connection
Sat Dec 08 23:47:30 EET 2018::Connection closed
Sat Dec 08 23:47:30 EET 2018::Connected
Sat Dec 08 23:47:30 EET 2018::Statement created from connection
Sat Dec 08 23:47:30 EET 2018::Statement created from connection
Sat Dec 08 23:47:30 EET 2018::Connection closed
Sat Dec 08 23:47:30 EET 2018::Connected
Sat Dec 08 23:47:30 EET 2018::Statement created from connection
Sat Dec 08 23:47:30 EET 2018::Statement created from connection
Sat Dec 08 23:47:30 EET 2018::Connection closed
Sat Dec 08 23:47:30 EET 2018::Connected
Sat Dec 08 23:47:30 EET 2018::Statement created from connection
Sat Dec 08 23:47:30 EET 2018::Statement created from connection
Sat Dec 08 23:47:30 EET 2018::Connection closed
Sat Dec 08 23:47:30 EET 2018::Connected
Sat Dec 08 23:47:30 EET 2018::Statement created from connection
Sat Dec 08 23:47:30 EET 2018::Statement created from connection
Sat Dec 08 23:47:30 EET 2018::Statement created from connection
Sat Dec 08 23:47:30 EET 2018::Connection closed
Sat Dec 08 23:47:30 EET 2018::Connected
Sat Dec 08 23:47:30 EET 2018::Statement created from connection
Sat Dec 08 23:47:30 EET 2018::Statement created from connection
Sat Dec 08 23:47:30 EET 2018::Connection closed
Sat Dec 08 23:47:30 EET 2018::Connected
Sat Dec 08 23:47:30 EET 2018::Statement created from connection
Sat Dec 08 23:47:30 EET 2018::Statement created from connection
Sat Dec 08 23:47:30 EET 2018::Statement created from connection
Sat Dec 08 23:47:30 EET 2018::Statement created from connection
Sat Dec 08 23:47:30 EET 2018::Connection closed
Sat Dec 08 23:47:30 EET 2018::Connected
Sat Dec 08 23:47:30 EET 2018::Statement created from connection
Sat Dec 08 23:47:30 EET 2018::Statement created from connection
Sat Dec 08 23:47:30 EET 2018::Connection closed
Sat Dec 08 23:47:30 EET 2018::Connected
Sat Dec 08 23:47:30 EET 2018::Statement created from connection
Sat Dec 08 23:47:30 EET 2018::Statement created from connection
Sat Dec 08 23:47:30 EET 2018::Connection closed
Sat Dec 08 23:47:30 EET 2018::Connected
Sat Dec 08 23:47:30 EET 2018::Statement created from connection
Sat Dec 08 23:47:30 EET 2018::Statement created from connection
Sat Dec 08 23:47:30 EET 2018::Connection closed
Sat Dec 08 23:47:30 EET 2018::Connected
Sat Dec 08 23:47:30 EET 2018::Statement created from connection
Sat Dec 08 23:47:30 EET 2018::Statement created from connection
Sat Dec 08 23:47:30 EET 2018::Connection closed
Sat Dec 08 23:47:30 EET 2018::Connected
Sat Dec 08 23:47:30 EET 2018::Statement created from connection
Sat Dec 08 23:47:30 EET 2018::Statement created from connection
Sat Dec 08 23:47:30 EET 2018::Connection closed
Sat Dec 08 23:47:30 EET 2018::Connected
Sat Dec 08 23:47:30 EET 2018::Statement created from connection
Sat Dec 08 23:47:30 EET 2018::Statement created from connection
Sat Dec 08 23:47:30 EET 2018::Connection closed
Sat Dec 08 23:47:30 EET 2018::Connected
Sat Dec 08 23:47:30 EET 2018::Statement created from connection
Sat Dec 08 23:47:30 EET 2018::Statement created from connection
Sat Dec 08 23:47:30 EET 2018::Connection closed
Sat Dec 08 23:47:30 EET 2018::Connected
Sat Dec 08 23:47:30 EET 2018::Statement created from connection
Sat Dec 08 23:47:30 EET 2018::Statement created from connection
Sat Dec 08 23:47:30 EET 2018::Connection closed
Sun Dec 09 22:56:57 EET 2018::Connected
Sun Dec 09 22:56:58 EET 2018::Statement created from connection
Sun Dec 09 22:56:58 EET 2018::query "DROP DATABASE TestDB" excuted
Sun Dec 09 22:56:58 EET 2018::query "CREATE DATABASE TestDB" excuted
Sun Dec 09 22:56:58 EET 2018::Statement Closed
Sun Dec 09 22:56:58 EET 2018::Statement created from connection
Sun Dec 09 22:56:58 EET 2018::query "CREATE   TABLE   table_name1(column_name1 varchar , column_name2    int,  column_name3 varchar)       " excuted
Sun Dec 09 22:56:58 EET 2018::Statement Closed
Sun Dec 09 22:56:58 EET 2018::Statement created from connection
Sun Dec 09 22:56:58 EET 2018::query "CREATE TABLE table_name2(column_name1 varchar, column_name2 int, column_name3 varchar)" excuted
Sun Dec 09 22:56:58 EET 2018::query update "INSERT INTO * table_name2(column_NAME1, COLUMN_name3, column_name2) VALUES ('value1', 'value3', 4)" executed
Sun Dec 09 22:56:58 EET 2018::Statement created from connection
Sun Dec 09 22:56:58 EET 2018::query "CREATE TABLE table_name3(column_name1 varchar, column_name2 int, column_name3 varchar)" excuted
Sun Dec 09 22:56:58 EET 2018::query update "INS ERT INTO table_name3(column_NAME1, COLUMN_name3, column_name2) VALUES ('value1', 'value3', 4)" executed
Sun Dec 09 22:56:58 EET 2018::Statement created from connection
Sun Dec 09 22:56:58 EET 2018::query "CREATE TABLE table_name4(column_name1 varchar, column_name2 int, column_name3 varchar)" excuted
Sun Dec 09 22:56:58 EET 2018::query update "INSERT INTO table_name4(column_NAME1, COLUMN_name3, column_name2) VALUES ('value1', 'value3', 4)" executed
Sun Dec 09 22:56:58 EET 2018::query update "UPDATE table_name4 SET column_name1=='1111111111', COLUMN_NAME2=2222222, column_name3='333333333'" executed
Sun Dec 09 22:56:58 EET 2018::Statement created from connection
Sun Dec 09 22:56:58 EET 2018::query "CREATE TABLE table_name6(column_name1 varchar, column_name2 int, column_name3 varchar)" excuted
Sun Dec 09 22:56:58 EET 2018::query update "INSERT INTO table_name6(column_NAME1, COLUMN_name3, column_name2) VALUES ('value1', 'value3', 4)" executed
Sun Dec 09 22:56:58 EET 2018::query update "UPDATE table_name6 SET column_name1='1111111111', COLUMN_NAME2=2222222, column_name3='333333333" executed
Sun Dec 09 22:56:58 EET 2018::Statement created from connection
Sun Dec 09 22:56:58 EET 2018::query "CREATE TABLE table_name7(column_name1 varchar, column_name2 int, column_name3 varchar)" excuted
Sun Dec 09 22:56:58 EET 2018::query update "INSERT INTO table_name7(column_NAME1, COLUMN_name3, column_name2) VALUES ('value1', 'value3', 4" executed
Sun Dec 09 22:56:58 EET 2018::Statement created from connection
Sun Dec 09 22:56:58 EET 2018::query "CREATE TABLE table_name9(column_name1 varchar, column_name2 int, column_name3 varchar)" excuted
Sun Dec 09 22:56:58 EET 2018::query update "INSERT INTO ta.ble_name9(column_NAME1, COLUMN_name3, column_name.2) VALUES ('value1', 'value3', 4)" executed
Sun Dec 09 22:56:58 EET 2018::Statement created from connection
Sun Dec 09 22:56:58 EET 2018::query update "INSERT INTO table_name10(column_NAME1, COLUMN_name3, column_name2) VALUES ('value1', 'value3', 4)" executed
Sun Dec 09 22:56:58 EET 2018::Connection closed
Sun Dec 09 22:56:58 EET 2018::Connected
Sun Dec 09 22:56:58 EET 2018::Statement created from connection
Sun Dec 09 22:56:58 EET 2018::query "DROP DATABASE TestDB" excuted
Sun Dec 09 22:56:58 EET 2018::query "CREATE DATABASE TestDB" excuted
Sun Dec 09 22:56:58 EET 2018::Statement Closed
Sun Dec 09 22:56:58 EET 2018::Statement created from connection
Sun Dec 09 22:56:58 EET 2018::query "Create TABLE table_name1(column_name1 varchar, column_name2 int, column_name3 varchar)" excuted
Sun Dec 09 22:56:58 EET 2018::query update "INSERT INTO table_name1(column_NAME1, COLUMN_name3, column_name2) VALUES ('value1', 'value3', 4)" executed
Sun Dec 09 22:56:58 EET 2018::query update "INSERt INTO table_name1(column_NAME1, COLUMN_name3, column_name2) VALUES ('value1', 'value3', 4)" executed
Sun Dec 09 22:56:58 EET 2018::query update "INSERT INTO table_name1(column_name1, COLUMN_NAME3, column_NAME2) VAlUES ('value2', 'value4', 5)" executed
Sun Dec 09 22:56:58 EET 2018::query update "UPDATE table_namE1 SET column_name1='11111111', COLUMN_NAME2=22222222, column_name3='333333333' WHERE coLUmn_NAME3='VALUE3'" executed
Sun Dec 09 23:42:24 EET 2018::Connected
Sun Dec 09 23:42:24 EET 2018::Statement created from connection
Sun Dec 09 23:42:25 EET 2018::query "DROP DATABASE TestDB" want executed due to time limit exceeded
Sun Dec 09 23:42:26 EET 2018::query "CREATE DATABASE TestDB" want executed due to time limit exceeded
Sun Dec 09 23:42:26 EET 2018::Statement Closed
Sun Dec 09 23:42:26 EET 2018::Statement created from connection
Sun Dec 09 23:42:27 EET 2018::query "CREATE   TABLE   table_name1(column_name1 varchar , column_name2    int,  column_name3 varchar)       " want executed due to time limit exceeded
Sun Dec 09 23:42:27 EET 2018::Statement Closed
Sun Dec 09 23:42:27 EET 2018::Statement created from connection
Sun Dec 09 23:42:28 EET 2018::query "CREATE TABLE table_name2(column_name1 varchar, column_name2 int, column_name3 varchar)" want executed due to time limit exceeded
Sun Dec 09 23:42:28 EET 2018::query update "INSERT INTO * table_name2(column_NAME1, COLUMN_name3, column_name2) VALUES ('value1', 'value3', 4)" executed
Sun Dec 09 23:42:28 EET 2018::Statement created from connection
Sun Dec 09 23:42:29 EET 2018::query "CREATE TABLE table_name3(column_name1 varchar, column_name2 int, column_name3 varchar)" want executed due to time limit exceeded
Sun Dec 09 23:42:29 EET 2018::query update "INS ERT INTO table_name3(column_NAME1, COLUMN_name3, column_name2) VALUES ('value1', 'value3', 4)" executed
Sun Dec 09 23:42:29 EET 2018::Statement created from connection
Sun Dec 09 23:42:30 EET 2018::query "CREATE TABLE table_name4(column_name1 varchar, column_name2 int, column_name3 varchar)" want executed due to time limit exceeded
Sun Dec 09 23:42:30 EET 2018::query update "INSERT INTO table_name4(column_NAME1, COLUMN_name3, column_name2) VALUES ('value1', 'value3', 4)" executed
Sun Dec 09 23:42:30 EET 2018::Statement created from connection
Sun Dec 09 23:42:31 EET 2018::query "CREATE TABLE table_name6(column_name1 varchar, column_name2 int, column_name3 varchar)" want executed due to time limit exceeded
Sun Dec 09 23:42:31 EET 2018::query update "INSERT INTO table_name6(column_NAME1, COLUMN_name3, column_name2) VALUES ('value1', 'value3', 4)" executed
Sun Dec 09 23:42:31 EET 2018::Statement created from connection
Sun Dec 09 23:42:32 EET 2018::query "CREATE TABLE table_name7(column_name1 varchar, column_name2 int, column_name3 varchar)" want executed due to time limit exceeded
Sun Dec 09 23:42:32 EET 2018::query update "INSERT INTO table_name7(column_NAME1, COLUMN_name3, column_name2) VALUES ('value1', 'value3', 4" executed
Sun Dec 09 23:42:32 EET 2018::Statement created from connection
Sun Dec 09 23:42:33 EET 2018::query "CREATE TABLE table_name9(column_name1 varchar, column_name2 int, column_name3 varchar)" want executed due to time limit exceeded
Sun Dec 09 23:42:33 EET 2018::query update "INSERT INTO ta.ble_name9(column_NAME1, COLUMN_name3, column_name.2) VALUES ('value1', 'value3', 4)" executed
Sun Dec 09 23:42:33 EET 2018::Statement created from connection
Sun Dec 09 23:42:33 EET 2018::query update "INSERT INTO table_name10(column_NAME1, COLUMN_name3, column_name2) VALUES ('value1', 'value3', 4)" executed
Sun Dec 09 23:42:33 EET 2018::Connection closed
Sun Dec 09 23:42:33 EET 2018::Connected
Sun Dec 09 23:42:33 EET 2018::Statement created from connection
Sun Dec 09 23:42:34 EET 2018::query "DROP DATABASE TestDB" want executed due to time limit exceeded
Sun Dec 09 23:42:35 EET 2018::query "CREATE DATABASE TestDB" want executed due to time limit exceeded
Sun Dec 09 23:42:35 EET 2018::Statement Closed
Sun Dec 09 23:42:35 EET 2018::Statement created from connection
Sun Dec 09 23:42:36 EET 2018::query "Create TABLE table_name1(column_name1 varchar, column_name2 int, column_name3 varchar)" want executed due to time limit exceeded
Sun Dec 09 23:42:36 EET 2018::query update "INSERT INTO table_name1(column_NAME1, COLUMN_name3, column_name2) VALUES ('value1', 'value3', 4)" executed
Sun Dec 09 23:42:36 EET 2018::Connected
Sun Dec 09 23:42:36 EET 2018::Statement created from connection
Sun Dec 09 23:42:37 EET 2018::query "DROP DATABASE TestDB" want executed due to time limit exceeded
Sun Dec 09 23:42:38 EET 2018::query "CREATE DATABASE TestDB" want executed due to time limit exceeded
Sun Dec 09 23:42:38 EET 2018::Statement Closed
Sun Dec 09 23:42:38 EET 2018::Statement created from connection
Sun Dec 09 23:42:39 EET 2018::query "CREATE TABLE table_name1(column_name1 varchar, column_name2 int, column_name3 varchar)" want executed due to time limit exceeded
Sun Dec 09 23:42:39 EET 2018::query update "INSERT INTO table_name1(column_NAME1, COLUMN_name3, column_name2) VALUES ('value1', 'value3', 4)" executed
Sun Dec 09 23:42:39 EET 2018::Connected
Sun Dec 09 23:42:39 EET 2018::Statement created from connection
Sun Dec 09 23:42:40 EET 2018::query "DROP DATABASE TestDB" want executed due to time limit exceeded
Sun Dec 09 23:42:41 EET 2018::query "CREATE DATABASE TestDB" want executed due to time limit exceeded
Sun Dec 09 23:42:41 EET 2018::Statement Closed
Sun Dec 09 23:42:41 EET 2018::Statement created from connection
Sun Dec 09 23:43:51 EET 2018::Connected
Sun Dec 09 23:43:51 EET 2018::Statement created from connection
Sun Dec 09 23:43:52 EET 2018::query "DROP DATABASE TestDB" excuted
Sun Dec 09 23:43:52 EET 2018::query "CREATE DATABASE TestDB" excuted
Sun Dec 09 23:43:52 EET 2018::Statement Closed
Sun Dec 09 23:43:52 EET 2018::Statement created from connection
Sun Dec 09 23:43:53 EET 2018::query "CREATE   TABLE   table_name1(column_name1 varchar , column_name2    int,  column_name3 varchar)       " excuted
Sun Dec 09 23:43:53 EET 2018::Statement Closed
Sun Dec 09 23:43:53 EET 2018::Statement created from connection
Sun Dec 09 23:43:53 EET 2018::query "CREATE TABLE table_name2(column_name1 varchar, column_name2 int, column_name3 varchar)" excuted
Sun Dec 09 23:43:53 EET 2018::query update "INSERT INTO * table_name2(column_NAME1, COLUMN_name3, column_name2) VALUES ('value1', 'value3', 4)" executed
Sun Dec 09 23:43:53 EET 2018::Statement created from connection
Sun Dec 09 23:43:54 EET 2018::query "CREATE TABLE table_name3(column_name1 varchar, column_name2 int, column_name3 varchar)" excuted
Sun Dec 09 23:43:54 EET 2018::query update "INS ERT INTO table_name3(column_NAME1, COLUMN_name3, column_name2) VALUES ('value1', 'value3', 4)" executed
Sun Dec 09 23:43:54 EET 2018::Statement created from connection
Sun Dec 09 23:43:54 EET 2018::query "CREATE TABLE table_name4(column_name1 varchar, column_name2 int, column_name3 varchar)" excuted
Sun Dec 09 23:43:54 EET 2018::query update "INSERT INTO table_name4(column_NAME1, COLUMN_name3, column_name2) VALUES ('value1', 'value3', 4)" executed
Sun Dec 09 23:43:54 EET 2018::query update "UPDATE table_name4 SET column_name1=='1111111111', COLUMN_NAME2=2222222, column_name3='333333333'" executed
Sun Dec 09 23:43:54 EET 2018::Statement created from connection
Sun Dec 09 23:43:55 EET 2018::query "CREATE TABLE table_name6(column_name1 varchar, column_name2 int, column_name3 varchar)" excuted
Sun Dec 09 23:43:55 EET 2018::query update "INSERT INTO table_name6(column_NAME1, COLUMN_name3, column_name2) VALUES ('value1', 'value3', 4)" executed
Sun Dec 09 23:43:55 EET 2018::query update "UPDATE table_name6 SET column_name1='1111111111', COLUMN_NAME2=2222222, column_name3='333333333" executed
Sun Dec 09 23:43:55 EET 2018::Statement created from connection
Sun Dec 09 23:43:56 EET 2018::query "CREATE TABLE table_name7(column_name1 varchar, column_name2 int, column_name3 varchar)" excuted
Sun Dec 09 23:43:56 EET 2018::query update "INSERT INTO table_name7(column_NAME1, COLUMN_name3, column_name2) VALUES ('value1', 'value3', 4" executed
Sun Dec 09 23:43:56 EET 2018::Statement created from connection
Sun Dec 09 23:43:56 EET 2018::query "CREATE TABLE table_name9(column_name1 varchar, column_name2 int, column_name3 varchar)" excuted
Sun Dec 09 23:43:56 EET 2018::query update "INSERT INTO ta.ble_name9(column_NAME1, COLUMN_name3, column_name.2) VALUES ('value1', 'value3', 4)" executed
Sun Dec 09 23:43:56 EET 2018::Statement created from connection
Sun Dec 09 23:43:56 EET 2018::query update "INSERT INTO table_name10(column_NAME1, COLUMN_name3, column_name2) VALUES ('value1', 'value3', 4)" executed
Sun Dec 09 23:43:56 EET 2018::Connection closed
Sun Dec 09 23:43:56 EET 2018::Connected
Sun Dec 09 23:43:56 EET 2018::Statement created from connection
Sun Dec 09 23:43:57 EET 2018::query "DROP DATABASE TestDB" excuted
Sun Dec 09 23:43:57 EET 2018::query "CREATE DATABASE TestDB" excuted
Sun Dec 09 23:43:57 EET 2018::Statement Closed
Sun Dec 09 23:43:57 EET 2018::Statement created from connection
Sun Dec 09 23:43:58 EET 2018::query "Create TABLE table_name1(column_name1 varchar, column_name2 int, column_name3 varchar)" excuted
Sun Dec 09 23:43:58 EET 2018::query update "INSERT INTO table_name1(column_NAME1, COLUMN_name3, column_name2) VALUES ('value1', 'value3', 4)" executed
Sun Dec 09 23:43:58 EET 2018::query update "INSERt INTO table_name1(column_NAME1, COLUMN_name3, column_name2) VALUES ('value1', 'value3', 4)" executed
Sun Dec 09 23:43:58 EET 2018::query update "INSERT INTO table_name1(column_name1, COLUMN_NAME3, column_NAME2) VAlUES ('value2', 'value4', 5)" executed
Sun Dec 09 23:43:58 EET 2018::query update "UPDATE table_namE1 SET column_name1='11111111', COLUMN_NAME2=22222222, column_name3='333333333' WHERE coLUmn_NAME3='VALUE3'" executed
Sun Dec 09 23:43:58 EET 2018::Statement Closed
Sun Dec 09 23:43:58 EET 2018::Connection closed
Sun Dec 09 23:43:58 EET 2018::Connected
Sun Dec 09 23:43:58 EET 2018::Statement created from connection
Sun Dec 09 23:43:58 EET 2018::query "DROP DATABASE TestDB" excuted
Sun Dec 09 23:43:59 EET 2018::query "CREATE DATABASE TestDB" excuted
Sun Dec 09 23:43:59 EET 2018::Statement Closed
Sun Dec 09 23:43:59 EET 2018::Statement created from connection
Sun Dec 09 23:44:38 EET 2018::Connected
Sun Dec 09 23:44:38 EET 2018::Statement created from connection
Sun Dec 09 23:44:38 EET 2018::query "DROP DATABASE TestDB" excuted
Sun Dec 09 23:44:38 EET 2018::query "CREATE DATABASE TestDB" excuted
Sun Dec 09 23:44:38 EET 2018::Statement Closed
Sun Dec 09 23:44:38 EET 2018::Statement created from connection
Sun Dec 09 23:44:38 EET 2018::query "CREATE   TABLE   table_name1(column_name1 varchar , column_name2    int,  column_name3 varchar)       " excuted
Sun Dec 09 23:44:38 EET 2018::Statement Closed
Sun Dec 09 23:44:38 EET 2018::Statement created from connection
Sun Dec 09 23:44:38 EET 2018::query "CREATE TABLE table_name2(column_name1 varchar, column_name2 int, column_name3 varchar)" excuted
Sun Dec 09 23:44:38 EET 2018::query update "INSERT INTO * table_name2(column_NAME1, COLUMN_name3, column_name2) VALUES ('value1', 'value3', 4)" executed
Sun Dec 09 23:44:38 EET 2018::Statement created from connection
Sun Dec 09 23:44:38 EET 2018::query "CREATE TABLE table_name3(column_name1 varchar, column_name2 int, column_name3 varchar)" excuted
Sun Dec 09 23:44:38 EET 2018::query update "INS ERT INTO table_name3(column_NAME1, COLUMN_name3, column_name2) VALUES ('value1', 'value3', 4)" executed
Sun Dec 09 23:44:38 EET 2018::Statement created from connection
Sun Dec 09 23:44:38 EET 2018::query "CREATE TABLE table_name4(column_name1 varchar, column_name2 int, column_name3 varchar)" excuted
Sun Dec 09 23:44:38 EET 2018::query update "INSERT INTO table_name4(column_NAME1, COLUMN_name3, column_name2) VALUES ('value1', 'value3', 4)" executed
Sun Dec 09 23:44:38 EET 2018::query update "UPDATE table_name4 SET column_name1=='1111111111', COLUMN_NAME2=2222222, column_name3='333333333'" executed
Sun Dec 09 23:44:38 EET 2018::Statement created from connection
Sun Dec 09 23:44:38 EET 2018::query "CREATE TABLE table_name6(column_name1 varchar, column_name2 int, column_name3 varchar)" excuted
Sun Dec 09 23:44:38 EET 2018::query update "INSERT INTO table_name6(column_NAME1, COLUMN_name3, column_name2) VALUES ('value1', 'value3', 4)" executed
Sun Dec 09 23:44:38 EET 2018::query update "UPDATE table_name6 SET column_name1='1111111111', COLUMN_NAME2=2222222, column_name3='333333333" executed
Sun Dec 09 23:44:38 EET 2018::Statement created from connection
Sun Dec 09 23:44:38 EET 2018::query "CREATE TABLE table_name7(column_name1 varchar, column_name2 int, column_name3 varchar)" excuted
Sun Dec 09 23:44:38 EET 2018::query update "INSERT INTO table_name7(column_NAME1, COLUMN_name3, column_name2) VALUES ('value1', 'value3', 4" executed
Sun Dec 09 23:44:38 EET 2018::Statement created from connection
Sun Dec 09 23:44:38 EET 2018::query "CREATE TABLE table_name9(column_name1 varchar, column_name2 int, column_name3 varchar)" excuted
Sun Dec 09 23:44:38 EET 2018::query update "INSERT INTO ta.ble_name9(column_NAME1, COLUMN_name3, column_name.2) VALUES ('value1', 'value3', 4)" executed
Sun Dec 09 23:44:38 EET 2018::Statement created from connection
Sun Dec 09 23:44:38 EET 2018::query update "INSERT INTO table_name10(column_NAME1, COLUMN_name3, column_name2) VALUES ('value1', 'value3', 4)" executed
Sun Dec 09 23:44:38 EET 2018::Connection closed
Sun Dec 09 23:44:38 EET 2018::Connected
Sun Dec 09 23:44:38 EET 2018::Statement created from connection
Sun Dec 09 23:44:38 EET 2018::query "DROP DATABASE TestDB" excuted
Sun Dec 09 23:44:38 EET 2018::query "CREATE DATABASE TestDB" excuted
Sun Dec 09 23:44:38 EET 2018::Statement Closed
Sun Dec 09 23:44:38 EET 2018::Statement created from connection
Sun Dec 09 23:44:38 EET 2018::query "Create TABLE table_name1(column_name1 varchar, column_name2 int, column_name3 varchar)" excuted
Sun Dec 09 23:44:38 EET 2018::query update "INSERT INTO table_name1(column_NAME1, COLUMN_name3, column_name2) VALUES ('value1', 'value3', 4)" executed
Sun Dec 09 23:44:38 EET 2018::query update "INSERt INTO table_name1(column_NAME1, COLUMN_name3, column_name2) VALUES ('value1', 'value3', 4)" executed
Sun Dec 09 23:44:38 EET 2018::query update "INSERT INTO table_name1(column_name1, COLUMN_NAME3, column_NAME2) VAlUES ('value2', 'value4', 5)" executed
Sun Dec 09 23:44:38 EET 2018::query update "UPDATE table_namE1 SET column_name1='11111111', COLUMN_NAME2=22222222, column_name3='333333333' WHERE coLUmn_NAME3='VALUE3'" executed
Sun Dec 09 23:44:38 EET 2018::Statement Closed
Sun Dec 09 23:44:38 EET 2018::Connection closed
Sun Dec 09 23:44:38 EET 2018::Connected
Sun Dec 09 23:44:38 EET 2018::Statement created from connection
Sun Dec 09 23:44:38 EET 2018::query "DROP DATABASE TestDB" excuted
Sun Dec 09 23:44:38 EET 2018::query "CREATE DATABASE TestDB" excuted
Sun Dec 09 23:44:38 EET 2018::Statement Closed
Sun Dec 09 23:44:38 EET 2018::Statement created from connection
Sun Dec 09 23:45:17 EET 2018::Connected
Sun Dec 09 23:45:17 EET 2018::Statement created from connection
Sun Dec 09 23:45:17 EET 2018::query "DROP DATABASE TestDB" excuted
Sun Dec 09 23:45:17 EET 2018::query "CREATE DATABASE TestDB" excuted
Sun Dec 09 23:45:17 EET 2018::Statement Closed
Sun Dec 09 23:45:17 EET 2018::Statement created from connection
Sun Dec 09 23:45:17 EET 2018::query "CREATE   TABLE   table_name1(column_name1 varchar , column_name2    int,  column_name3 varchar)       " excuted
Sun Dec 09 23:45:17 EET 2018::Statement Closed
Sun Dec 09 23:45:17 EET 2018::Statement created from connection
Sun Dec 09 23:45:17 EET 2018::query "CREATE TABLE table_name2(column_name1 varchar, column_name2 int, column_name3 varchar)" excuted
Sun Dec 09 23:45:17 EET 2018::query update "INSERT INTO * table_name2(column_NAME1, COLUMN_name3, column_name2) VALUES ('value1', 'value3', 4)" executed
Sun Dec 09 23:45:17 EET 2018::Statement created from connection
Sun Dec 09 23:45:17 EET 2018::query "CREATE TABLE table_name3(column_name1 varchar, column_name2 int, column_name3 varchar)" excuted
Sun Dec 09 23:45:17 EET 2018::query update "INS ERT INTO table_name3(column_NAME1, COLUMN_name3, column_name2) VALUES ('value1', 'value3', 4)" executed
Sun Dec 09 23:45:17 EET 2018::Statement created from connection
Sun Dec 09 23:45:17 EET 2018::query "CREATE TABLE table_name4(column_name1 varchar, column_name2 int, column_name3 varchar)" excuted
Sun Dec 09 23:45:17 EET 2018::query update "INSERT INTO table_name4(column_NAME1, COLUMN_name3, column_name2) VALUES ('value1', 'value3', 4)" executed
Sun Dec 09 23:45:17 EET 2018::query update "UPDATE table_name4 SET column_name1=='1111111111', COLUMN_NAME2=2222222, column_name3='333333333'" executed
Sun Dec 09 23:45:17 EET 2018::Statement created from connection
Sun Dec 09 23:45:17 EET 2018::query "CREATE TABLE table_name6(column_name1 varchar, column_name2 int, column_name3 varchar)" excuted
Sun Dec 09 23:45:17 EET 2018::query update "INSERT INTO table_name6(column_NAME1, COLUMN_name3, column_name2) VALUES ('value1', 'value3', 4)" executed
Sun Dec 09 23:45:17 EET 2018::query update "UPDATE table_name6 SET column_name1='1111111111', COLUMN_NAME2=2222222, column_name3='333333333" executed
Sun Dec 09 23:45:17 EET 2018::Statement created from connection
Sun Dec 09 23:45:17 EET 2018::query "CREATE TABLE table_name7(column_name1 varchar, column_name2 int, column_name3 varchar)" excuted
Sun Dec 09 23:45:17 EET 2018::query update "INSERT INTO table_name7(column_NAME1, COLUMN_name3, column_name2) VALUES ('value1', 'value3', 4" executed
Sun Dec 09 23:45:17 EET 2018::Statement created from connection
Sun Dec 09 23:45:17 EET 2018::query "CREATE TABLE table_name9(column_name1 varchar, column_name2 int, column_name3 varchar)" excuted
Sun Dec 09 23:45:17 EET 2018::query update "INSERT INTO ta.ble_name9(column_NAME1, COLUMN_name3, column_name.2) VALUES ('value1', 'value3', 4)" executed
Sun Dec 09 23:45:17 EET 2018::Statement created from connection
Sun Dec 09 23:45:17 EET 2018::query update "INSERT INTO table_name10(column_NAME1, COLUMN_name3, column_name2) VALUES ('value1', 'value3', 4)" executed
Sun Dec 09 23:45:17 EET 2018::Connection closed
Sun Dec 09 23:45:17 EET 2018::Connected
Sun Dec 09 23:45:17 EET 2018::Statement created from connection
Sun Dec 09 23:45:17 EET 2018::query "DROP DATABASE TestDB" excuted
Sun Dec 09 23:45:17 EET 2018::query "CREATE DATABASE TestDB" excuted
Sun Dec 09 23:45:17 EET 2018::Statement Closed
Sun Dec 09 23:45:17 EET 2018::Statement created from connection
Sun Dec 09 23:45:17 EET 2018::query "Create TABLE table_name1(column_name1 varchar, column_name2 int, column_name3 varchar)" excuted
Sun Dec 09 23:45:17 EET 2018::query update "INSERT INTO table_name1(column_NAME1, COLUMN_name3, column_name2) VALUES ('value1', 'value3', 4)" executed
Sun Dec 09 23:45:17 EET 2018::query update "INSERt INTO table_name1(column_NAME1, COLUMN_name3, column_name2) VALUES ('value1', 'value3', 4)" executed
Sun Dec 09 23:45:17 EET 2018::query update "INSERT INTO table_name1(column_name1, COLUMN_NAME3, column_NAME2) VAlUES ('value2', 'value4', 5)" executed
Sun Dec 09 23:45:17 EET 2018::query update "UPDATE table_namE1 SET column_name1='11111111', COLUMN_NAME2=22222222, column_name3='333333333' WHERE coLUmn_NAME3='VALUE3'" executed
Sun Dec 09 23:45:17 EET 2018::Statement Closed
Sun Dec 09 23:45:17 EET 2018::Connection closed
Sun Dec 09 23:45:17 EET 2018::Connected
Sun Dec 09 23:45:17 EET 2018::Statement created from connection
Sun Dec 09 23:45:17 EET 2018::query "DROP DATABASE TestDB" excuted
Sun Dec 09 23:45:17 EET 2018::query "CREATE DATABASE TestDB" excuted
Sun Dec 09 23:45:17 EET 2018::Statement Closed
Sun Dec 09 23:45:17 EET 2018::Statement created from connection
Sun Dec 09 23:45:17 EET 2018::query "CREATE TABLE table_name1(column_name1 varchar, column_name2 int, column_name3 varchar)" excuted
Sun Dec 09 23:45:17 EET 2018::query update "INSERT INTO table_name1(column_NAME1, COLUMN_name3, column_name2) VALUES ('value1', 'value3', 4)" executed
Sun Dec 09 23:45:17 EET 2018::query update "INSERT INTO table_name1(column_NAME1, COLUMN_name3, column_name2) VALUES ('value1', 'value3', 4)" executed
Sun Dec 09 23:45:17 EET 2018::query update "INSERT INTO table_name1(column_name1, COLUMN_NAME3, column_NAME2) VALUES ('value2', 'value4', 5)" executed
Sun Dec 09 23:45:17 EET 2018::query "DROP TABLE table_name1" excuted
Sun Dec 09 23:45:17 EET 2018::query update "UPDATE table_name1 SET column_name1='11111111', COLUMN_NAME2=22222222, column_name3='333333333' WHERE coLUmn_NAME3='VALUE3'" executed
Sun Dec 09 23:45:17 EET 2018::Statement Closed
Sun Dec 09 23:45:17 EET 2018::Connection closed
Sun Dec 09 23:45:17 EET 2018::Connected
Sun Dec 09 23:45:18 EET 2018::Statement created from connection
Sun Dec 09 23:45:18 EET 2018::query "DROP DATABASE TestDB" excuted
Sun Dec 09 23:45:18 EET 2018::query "CREATE DATABASE TestDB" excuted
Sun Dec 09 23:45:18 EET 2018::Statement Closed
Sun Dec 09 23:45:18 EET 2018::Statement created from connection
Sun Dec 09 23:45:18 EET 2018::query "CREATE TABLE table_name2(column_name1 varchar, column_name2 int, column_name3 varchar)" excuted
Sun Dec 09 23:45:18 EET 2018::query update "INSERT INTO table_name2(column_NAME1, COLUMN_name3, column_name2) VALUES ('value1', 'value3', 4)" executed
Sun Dec 09 23:45:18 EET 2018::query update "INSERT INTO table_name2(column_NAME1, COLUMN_name3, column_name2) VALUES ('value1', 'value3', 5)" executed
Sun Dec 09 23:45:18 EET 2018::query update "INSERT INTO table_name2(column_name1, COLUMN_NAME3, column_NAME2) VALUES ('value2', 'value4', 6)" executed
Sun Dec 09 23:45:18 EET 2018::query update "DELETE From table_name2  WHERE coLUmn_NAME1='VAluE1'" executed
Sun Dec 09 23:45:18 EET 2018::query update "UPDATE table_name2 SET column_name1='11111111', COLUMN_NAME2=22222222, column_name3='333333333' WHERE coLUmn_NAME2=4" executed
Sun Dec 09 23:45:18 EET 2018::Statement Closed
Sun Dec 09 23:45:18 EET 2018::Connection closed
Sun Dec 09 23:45:18 EET 2018::Connected
Sun Dec 09 23:45:18 EET 2018::Statement created from connection
Sun Dec 09 23:45:18 EET 2018::query "DROP DATABASE TestDB" excuted
Sun Dec 09 23:45:18 EET 2018::query "CREATE DATABASE TestDB" excuted
Sun Dec 09 23:45:18 EET 2018::Statement Closed
Sun Dec 09 23:45:18 EET 2018::Statement created from connection
Sun Dec 09 23:45:18 EET 2018::query "CREATE TABLE table_name1(column_name1 varchar, column_name2 int, column_name3 varchar)" excuted
Sun Dec 09 23:45:18 EET 2018::query update "INSERT INTO table_name1(column_NAME1, COLUMN_name3, column_name2) VALUES ('value1', 'value3', 4)" executed
Sun Dec 09 23:45:18 EET 2018::query update "INSERT INTO table_name1(column_NAME1, COLUMN_name3, column_name2) VALUES ('value1', 'value3', 5)" executed
Sun Dec 09 23:45:18 EET 2018::query update "INSERT INTO table_name1(column_name1, COLUMN_NAME3, column_NAME2) VALUES ('value2', 'value4', 6)" executed
Sun Dec 09 23:45:18 EET 2018::query update "DELETE From table_name1  WHERE coLUmn_NAME2=4" executed
Sun Dec 09 23:45:18 EET 2018::query "select * from table_name1 where column_name2 < 6" executed
Sun Dec 09 23:45:18 EET 2018::query update "UPDATE table_name1 SET column_name1='11111111', COLUMN_NAME2=10, column_name3='333333333' WHERE coLUmn_NAME2=5" executed
Sun Dec 09 23:45:18 EET 2018::query "select * from table_name1 where column_name2 > 4" executed
Sun Dec 09 23:45:18 EET 2018::Statement Closed
Sun Dec 09 23:45:18 EET 2018::Connection closed
Sun Dec 09 23:45:18 EET 2018::Connected
Sun Dec 09 23:45:18 EET 2018::Statement created from connection
Sun Dec 09 23:45:18 EET 2018::query "DROP DATABASE TestDB_Select" excuted
Sun Dec 09 23:45:18 EET 2018::query "CREATE DATABASE TestDB_Select" excuted
Sun Dec 09 23:45:18 EET 2018::Statement Closed
Sun Dec 09 23:45:18 EET 2018::Statement created from connection
Sun Dec 09 23:45:18 EET 2018::query "CREATE TABLE table_name13(column_name1 varchar, column_name2 int, column_name3 varchar)" excuted
Sun Dec 09 23:45:18 EET 2018::query update "INSERT INTO table_name13(column_NAME1, COLUMN_name3, column_name2) VALUES ('value1', 'value3', 4)" executed
Sun Dec 09 23:45:18 EET 2018::query update "INSERT INTO table_name13(column_NAME1, column_name2, COLUMN_name3) VALUES ('value1', 4, 'value3')" executed
Sun Dec 09 23:45:18 EET 2018::query update "INSERT INTO table_name13(column_name1, COLUMN_NAME3, column_NAME2) VALUES ('value2', 'value4', 5)" executed
Sun Dec 09 23:45:18 EET 2018::query update "INSERT INTO table_name13(column_name1, COLUMN_NAME3, column_NAME2) VALUES ('value5', 'value6', 6)" executed
Sun Dec 09 23:45:18 EET 2018::query "select column_name1 from table_name13 where column_name2 < 5" executed
Sun Dec 09 23:45:18 EET 2018::Statement Closed
Sun Dec 09 23:45:18 EET 2018::Connection closed
Sun Dec 09 23:45:18 EET 2018::Connected
Sun Dec 09 23:45:18 EET 2018::Statement created from connection
Sun Dec 09 23:45:18 EET 2018::query "DROP DATABASE TestDB_Update" excuted
Sun Dec 09 23:45:18 EET 2018::query "CREATE DATABASE TestDB_Update" excuted
Sun Dec 09 23:45:18 EET 2018::Statement Closed
Sun Dec 09 23:45:18 EET 2018::Statement created from connection
Sun Dec 09 23:45:18 EET 2018::query "CREATE TABLE table_name8(column_name1 varchar, column_name2 int, column_name3 varchar)" excuted
Sun Dec 09 23:45:18 EET 2018::query update "INSERT INTO table_name8(column_NAME1, COLUMN_name3, column_name2) VALUES ('value1', 'value3', 4)" executed
Sun Dec 09 23:45:18 EET 2018::query update "INSERT INTO table_name8(column_NAME1, COLUMN_name3, column_name2) VALUES ('value1', 'value3', 4)" executed
Sun Dec 09 23:45:18 EET 2018::query update "INSERT INTO table_name8(column_name1, COLUMN_NAME3, column_NAME2) VALUES ('value2', 'value4', 5)" executed
Sun Dec 09 23:45:18 EET 2018::query update "UPDATE table_name8 SET column_name1='11111111', COLUMN_NAME2=22222222, column_name3='333333333' WHERE coLUmn_NAME3='VALUE3'" executed
Sun Dec 09 23:45:18 EET 2018::Statement Closed
Sun Dec 09 23:45:18 EET 2018::Connection closed
Sun Dec 09 23:45:18 EET 2018::Connected
Sun Dec 09 23:45:18 EET 2018::Statement created from connection
Sun Dec 09 23:45:18 EET 2018::query "DROP DATABASE TestDB_Select" excuted
Sun Dec 09 23:45:18 EET 2018::query "CREATE DATABASE TestDB_Select" excuted
Sun Dec 09 23:45:18 EET 2018::Statement Closed
Sun Dec 09 23:45:18 EET 2018::Statement created from connection
Sun Dec 09 23:45:18 EET 2018::query "CREATE TABLE table_name13(column_name1 varchar, column_name2 int, column_name3 varchar)" excuted
Sun Dec 09 23:45:18 EET 2018::query update "INSERT INTO table_name13(column_NAME1, COLUMN_name3, column_name2) VALUES ('value1', 'value3', 4)" executed
Sun Dec 09 23:45:18 EET 2018::query "INSERT INTO table_name13(column_NAME1, column_name2, COLUMN_name3) VALUES ('value1', 8, 'value3')" excuted
Sun Dec 09 23:45:18 EET 2018::query update "INSERT INTO table_name13(column_name1, COLUMN_NAME3, column_NAME2) VALUES ('value2', 'value4', 5)" executed
Sun Dec 09 23:45:18 EET 2018::query update "INSERT INTO table_name13(column_name1, COLUMN_NAME3, column_NAME2) VALUES ('value5', 'value6', 6)" executed
Sun Dec 09 23:45:18 EET 2018::query "SELECT column_name1 FROM table_name13 WHERE coluMN_NAME2 = 8" excuted
Sun Dec 09 23:45:18 EET 2018::query "SELECT column_name1 FROM table_name13 WHERE coluMN_NAME2 > 100" excuted
Sun Dec 09 23:45:18 EET 2018::Statement Closed
Sun Dec 09 23:45:18 EET 2018::Connection closed
Sun Dec 09 23:45:18 EET 2018::Connected
Sun Dec 09 23:45:18 EET 2018::Statement created from connection
Sun Dec 09 23:45:18 EET 2018::query "DROP DATABASE TestDB_Update" excuted
Sun Dec 09 23:45:18 EET 2018::query "CREATE DATABASE TestDB_Update" excuted
Sun Dec 09 23:45:18 EET 2018::Statement Closed
Sun Dec 09 23:45:18 EET 2018::Statement created from connection
Sun Dec 09 23:45:18 EET 2018::query "CREATE TABLE table_name9(column_name1 varchar, column_name2 int, column_name3 varchar)" excuted
Sun Dec 09 23:45:18 EET 2018::query update "UPDATE table_name9 SET column_name1='value1', column_name2=15, column_name3='value2'" executed
Sun Dec 09 23:45:18 EET 2018::Statement Closed
Sun Dec 09 23:45:18 EET 2018::Statement created from connection
Sun Dec 09 23:45:18 EET 2018::query update "UPDATE wrong_table_name9 SET column_name1='value1', column_name2=15, column_name3='value2'" executed
Sun Dec 09 23:45:18 EET 2018::Connection closed
Sun Dec 09 23:45:18 EET 2018::Connected
Sun Dec 09 23:45:18 EET 2018::Statement created from connection
Sun Dec 09 23:45:18 EET 2018::query "DROP DATABASE SaMpLe" excuted
Sun Dec 09 23:45:18 EET 2018::query "CREATE DATABASE SaMpLe" excuted
Sun Dec 09 23:45:18 EET 2018::query "DROP DATABASE SaMpLe" excuted
Sun Dec 09 23:45:18 EET 2018::Statement Closed
Sun Dec 09 23:45:18 EET 2018::Statement created from connection
Sun Dec 09 23:45:18 EET 2018::query "DROP DATABASE SAMPLE" excuted
Sun Dec 09 23:45:18 EET 2018::query "CREATE DATABASE SAMPLE" excuted
Sun Dec 09 23:45:18 EET 2018::query "DROP DATABASE SAMPLE" excuted
Sun Dec 09 23:45:18 EET 2018::Statement Closed
Sun Dec 09 23:45:18 EET 2018::Connection closed
Sun Dec 09 23:45:18 EET 2018::Connected
Sun Dec 09 23:45:18 EET 2018::Statement created from connection
Sun Dec 09 23:45:18 EET 2018::query "DROP DATABASE TestDB_Create" excuted
Sun Dec 09 23:45:18 EET 2018::query "CREATE DATABASE TestDB_Create" excuted
Sun Dec 09 23:45:18 EET 2018::Statement Closed
Sun Dec 09 23:45:18 EET 2018::Statement created from connection
Sun Dec 09 23:45:18 EET 2018::query "CREATE TABLE table_name1(column_name1 varchar, column_name2 int, column_name3 varchar)" excuted
Sun Dec 09 23:45:18 EET 2018::Statement Closed
Sun Dec 09 23:45:18 EET 2018::Statement created from connection
Sun Dec 09 23:45:18 EET 2018::query "CREATE TABLE table_name1(column_name1 varchar, column_name2 int, column_name3 varchar)" excuted
Sun Dec 09 23:45:18 EET 2018::Statement created from connection
Sun Dec 09 23:45:18 EET 2018::query "CREATE TABLE incomplete_table_name1" wasnt excuted due to wrong query
Sun Dec 09 23:45:18 EET 2018::Connection closed
Sun Dec 09 23:45:18 EET 2018::Connected
Sun Dec 09 23:45:18 EET 2018::Statement created from connection
Sun Dec 09 23:45:18 EET 2018::query "DROP DATABASE TestDB_Insert" excuted
Sun Dec 09 23:45:18 EET 2018::query "CREATE DATABASE TestDB_Insert" excuted
Sun Dec 09 23:45:18 EET 2018::Statement Closed
Sun Dec 09 23:45:18 EET 2018::Statement created from connection
Sun Dec 09 23:45:18 EET 2018::query "CREATE TABLE table_name3(column_name1 varchar, column_name2 int, column_name3 varchar)" excuted
Sun Dec 09 23:45:18 EET 2018::query update "INSERT INTO table_name3 VALUES ('value1', 3,'value3')" executed
Sun Dec 09 23:45:18 EET 2018::Statement Closed
Sun Dec 09 23:45:18 EET 2018::Connection closed
Sun Dec 09 23:45:18 EET 2018::Connected
Sun Dec 09 23:45:18 EET 2018::Statement created from connection
Sun Dec 09 23:45:18 EET 2018::query "DROP DATABASE TestDB_Update" excuted
Sun Dec 09 23:45:18 EET 2018::query "CREATE DATABASE TestDB_Update" excuted
Sun Dec 09 23:45:18 EET 2018::Statement Closed
Sun Dec 09 23:45:18 EET 2018::Statement created from connection
Sun Dec 09 23:45:18 EET 2018::query "CREATE TABLE table_name10(column_name1 varchar, column_name2 int, column_name3 varchar)" excuted
Sun Dec 09 23:45:18 EET 2018::query update "INSERT INTO table_name10(column_NAME1, COLUMN_name3, column_name2) VALUES ('value1', 'value3', 4)" executed
Sun Dec 09 23:45:18 EET 2018::query update "INSERT INTO table_name10(column_NAME1, COLUMN_name3, column_name2) VALUES ('value1', 'value3', 4)" executed
Sun Dec 09 23:45:18 EET 2018::query update "INSERT INTO table_name10(column_name1, COLUMN_NAME3, column_NAME2) VALUES ('value2', 'value4', 5)" executed
Sun Dec 09 23:45:18 EET 2018::query update "DELETE From table_name10" executed
Sun Dec 09 23:45:18 EET 2018::Statement Closed
Sun Dec 09 23:45:18 EET 2018::Connection closed
Sun Dec 09 23:45:18 EET 2018::Connected
Sun Dec 09 23:45:18 EET 2018::Statement created from connection
Sun Dec 09 23:45:18 EET 2018::query "DROP DATABASE TestDB_Insert" excuted
Sun Dec 09 23:45:18 EET 2018::query "CREATE DATABASE TestDB_Insert" excuted
Sun Dec 09 23:45:18 EET 2018::Statement Closed
Sun Dec 09 23:45:18 EET 2018::Statement created from connection
Sun Dec 09 23:45:18 EET 2018::query "CREATE TABLE table_name4(column_name1 varchar, column_name2 int, column_name3 varchar)" excuted
Sun Dec 09 23:45:18 EET 2018::query update "INSERT INTO table_name4(column_NAME1, COLUMN_name3, column_name2) VALUES ('value1', 'value3', 4)" executed
Sun Dec 09 23:45:18 EET 2018::Statement Closed
Sun Dec 09 23:45:18 EET 2018::Connection closed
Sun Dec 09 23:45:18 EET 2018::Connected
Sun Dec 09 23:45:18 EET 2018::Statement created from connection
Sun Dec 09 23:45:18 EET 2018::query "DROP DATABASE TestDB_Select" excuted
Sun Dec 09 23:45:18 EET 2018::query "CREATE DATABASE TestDB_Select" excuted
Sun Dec 09 23:45:18 EET 2018::Statement Closed
Sun Dec 09 23:45:18 EET 2018::Statement created from connection
Sun Dec 09 23:45:18 EET 2018::query "CREATE TABLE table_name12(column_name1 varchar, column_name2 int, column_name3 varchar)" excuted
Sun Dec 09 23:45:18 EET 2018::query update "INSERT INTO table_name12(column_NAME1, COLUMN_name3, column_name2) VALUES ('value1', 'value3', 4)" executed
Sun Dec 09 23:45:18 EET 2018::query update "INSERT INTO table_name12(column_NAME1, COLUMN_name3, column_name2) VALUES ('value1', 'value3', 4)" executed
Sun Dec 09 23:45:56 EET 2018::Connected
Sun Dec 09 23:45:56 EET 2018::Statement created from connection
Sun Dec 09 23:45:59 EET 2018::query "DROP DATABASE TestDB" excuted
Sun Dec 09 23:46:02 EET 2018::query "CREATE DATABASE TestDB" excuted
Sun Dec 09 23:46:02 EET 2018::Statement Closed
Sun Dec 09 23:46:02 EET 2018::Statement created from connection
Sun Dec 09 23:46:05 EET 2018::query "CREATE   TABLE   table_name1(column_name1 varchar , column_name2    int,  column_name3 varchar)       " excuted
Sun Dec 09 23:46:05 EET 2018::Statement Closed
Sun Dec 09 23:46:05 EET 2018::Statement created from connection
Sun Dec 09 23:46:08 EET 2018::query "CREATE TABLE table_name2(column_name1 varchar, column_name2 int, column_name3 varchar)" excuted
Sun Dec 09 23:46:08 EET 2018::query update "INSERT INTO * table_name2(column_NAME1, COLUMN_name3, column_name2) VALUES ('value1', 'value3', 4)" executed
Sun Dec 09 23:46:08 EET 2018::Statement created from connection
Sun Dec 09 23:46:11 EET 2018::query "CREATE TABLE table_name3(column_name1 varchar, column_name2 int, column_name3 varchar)" excuted
Sun Dec 09 23:46:11 EET 2018::query update "INS ERT INTO table_name3(column_NAME1, COLUMN_name3, column_name2) VALUES ('value1', 'value3', 4)" executed
Sun Dec 09 23:46:11 EET 2018::Statement created from connection
Sun Dec 09 23:46:14 EET 2018::query "CREATE TABLE table_name4(column_name1 varchar, column_name2 int, column_name3 varchar)" excuted
Sun Dec 09 23:46:14 EET 2018::query update "INSERT INTO table_name4(column_NAME1, COLUMN_name3, column_name2) VALUES ('value1', 'value3', 4)" executed
Sun Dec 09 23:46:14 EET 2018::query update "UPDATE table_name4 SET column_name1=='1111111111', COLUMN_NAME2=2222222, column_name3='333333333'" executed
Sun Dec 09 23:46:14 EET 2018::Statement created from connection
Sun Dec 09 23:46:17 EET 2018::query "CREATE TABLE table_name6(column_name1 varchar, column_name2 int, column_name3 varchar)" excuted
Sun Dec 09 23:46:17 EET 2018::query update "INSERT INTO table_name6(column_NAME1, COLUMN_name3, column_name2) VALUES ('value1', 'value3', 4)" executed
Sun Dec 09 23:46:17 EET 2018::query update "UPDATE table_name6 SET column_name1='1111111111', COLUMN_NAME2=2222222, column_name3='333333333" executed
Sun Dec 09 23:46:17 EET 2018::Statement created from connection
Sun Dec 09 23:46:20 EET 2018::query "CREATE TABLE table_name7(column_name1 varchar, column_name2 int, column_name3 varchar)" excuted
Sun Dec 09 23:46:20 EET 2018::query update "INSERT INTO table_name7(column_NAME1, COLUMN_name3, column_name2) VALUES ('value1', 'value3', 4" executed
Sun Dec 09 23:46:20 EET 2018::Statement created from connection
Sun Dec 09 23:46:23 EET 2018::query "CREATE TABLE table_name9(column_name1 varchar, column_name2 int, column_name3 varchar)" excuted
Sun Dec 09 23:46:23 EET 2018::query update "INSERT INTO ta.ble_name9(column_NAME1, COLUMN_name3, column_name.2) VALUES ('value1', 'value3', 4)" executed
Sun Dec 09 23:46:23 EET 2018::Statement created from connection
Sun Dec 09 23:46:23 EET 2018::query update "INSERT INTO table_name10(column_NAME1, COLUMN_name3, column_name2) VALUES ('value1', 'value3', 4)" executed
Sun Dec 09 23:46:24 EET 2018::Connection closed
Sun Dec 09 23:46:24 EET 2018::Connected
Sun Dec 09 23:46:24 EET 2018::Statement created from connection
Sun Dec 09 23:46:27 EET 2018::query "DROP DATABASE TestDB" excuted
Sun Dec 09 23:46:30 EET 2018::query "CREATE DATABASE TestDB" excuted
Sun Dec 09 23:46:30 EET 2018::Statement Closed
Sun Dec 09 23:46:30 EET 2018::Statement created from connection
Sun Dec 09 23:46:33 EET 2018::query "Create TABLE table_name1(column_name1 varchar, column_name2 int, column_name3 varchar)" excuted
Sun Dec 09 23:46:33 EET 2018::query update "INSERT INTO table_name1(column_NAME1, COLUMN_name3, column_name2) VALUES ('value1', 'value3', 4)" executed
Sun Dec 09 23:46:33 EET 2018::query update "INSERt INTO table_name1(column_NAME1, COLUMN_name3, column_name2) VALUES ('value1', 'value3', 4)" executed
Sun Dec 09 23:46:33 EET 2018::query update "INSERT INTO table_name1(column_name1, COLUMN_NAME3, column_NAME2) VAlUES ('value2', 'value4', 5)" executed
Sun Dec 09 23:46:33 EET 2018::query update "UPDATE table_namE1 SET column_name1='11111111', COLUMN_NAME2=22222222, column_name3='333333333' WHERE coLUmn_NAME3='VALUE3'" executed
Sun Dec 09 23:46:33 EET 2018::Statement Closed
Sun Dec 09 23:46:33 EET 2018::Connection closed
Sun Dec 09 23:46:33 EET 2018::Connected
Sun Dec 09 23:46:33 EET 2018::Statement created from connection
Sun Dec 09 23:46:36 EET 2018::query "DROP DATABASE TestDB" excuted
Sun Dec 09 23:46:39 EET 2018::query "CREATE DATABASE TestDB" excuted
Sun Dec 09 23:46:39 EET 2018::Statement Closed
Sun Dec 09 23:46:39 EET 2018::Statement created from connection
Sun Dec 09 23:48:56 EET 2018::Connected
Sun Dec 09 23:48:56 EET 2018::Statement created from connection
Sun Dec 09 23:48:57 EET 2018::query "DROP DATABASE TestDB" want executed due to time limit exceeded
Sun Dec 09 23:48:58 EET 2018::query "CREATE DATABASE TestDB" want executed due to time limit exceeded
Sun Dec 09 23:48:58 EET 2018::Statement Closed
Sun Dec 09 23:48:58 EET 2018::Statement created from connection
Sun Dec 09 23:48:59 EET 2018::query "CREATE   TABLE   table_name1(column_name1 varchar , column_name2    int,  column_name3 varchar)       " want executed due to time limit exceeded
Sun Dec 09 23:48:59 EET 2018::Statement Closed
Sun Dec 09 23:48:59 EET 2018::Statement created from connection
Sun Dec 09 23:49:00 EET 2018::query "CREATE TABLE table_name2(column_name1 varchar, column_name2 int, column_name3 varchar)" want executed due to time limit exceeded
Sun Dec 09 23:49:00 EET 2018::query update "INSERT INTO * table_name2(column_NAME1, COLUMN_name3, column_name2) VALUES ('value1', 'value3', 4)" executed
Sun Dec 09 23:49:01 EET 2018::Statement created from connection
Sun Dec 09 23:49:02 EET 2018::query "CREATE TABLE table_name3(column_name1 varchar, column_name2 int, column_name3 varchar)" want executed due to time limit exceeded
Sun Dec 09 23:49:02 EET 2018::query update "INS ERT INTO table_name3(column_NAME1, COLUMN_name3, column_name2) VALUES ('value1', 'value3', 4)" executed
Sun Dec 09 23:49:02 EET 2018::Statement created from connection
Sun Dec 09 23:49:03 EET 2018::query "CREATE TABLE table_name4(column_name1 varchar, column_name2 int, column_name3 varchar)" want executed due to time limit exceeded
Sun Dec 09 23:49:03 EET 2018::query update "INSERT INTO table_name4(column_NAME1, COLUMN_name3, column_name2) VALUES ('value1', 'value3', 4)" executed
Sun Dec 09 23:49:03 EET 2018::Statement created from connection
Sun Dec 09 23:49:04 EET 2018::query "CREATE TABLE table_name6(column_name1 varchar, column_name2 int, column_name3 varchar)" want executed due to time limit exceeded
Sun Dec 09 23:49:04 EET 2018::query update "INSERT INTO table_name6(column_NAME1, COLUMN_name3, column_name2) VALUES ('value1', 'value3', 4)" executed
Sun Dec 09 23:49:04 EET 2018::Statement created from connection
Sun Dec 09 23:49:05 EET 2018::query "CREATE TABLE table_name7(column_name1 varchar, column_name2 int, column_name3 varchar)" want executed due to time limit exceeded
Sun Dec 09 23:49:05 EET 2018::query update "INSERT INTO table_name7(column_NAME1, COLUMN_name3, column_name2) VALUES ('value1', 'value3', 4" executed
Sun Dec 09 23:49:05 EET 2018::Statement created from connection
Sun Dec 09 23:49:06 EET 2018::query "CREATE TABLE table_name9(column_name1 varchar, column_name2 int, column_name3 varchar)" want executed due to time limit exceeded
Sun Dec 09 23:49:06 EET 2018::query update "INSERT INTO ta.ble_name9(column_NAME1, COLUMN_name3, column_name.2) VALUES ('value1', 'value3', 4)" executed
Sun Dec 09 23:49:06 EET 2018::Statement created from connection
Sun Dec 09 23:49:06 EET 2018::query update "INSERT INTO table_name10(column_NAME1, COLUMN_name3, column_name2) VALUES ('value1', 'value3', 4)" executed
Sun Dec 09 23:49:06 EET 2018::Connection closed
Sun Dec 09 23:49:06 EET 2018::Connected
Sun Dec 09 23:49:06 EET 2018::Statement created from connection
Sun Dec 09 23:49:07 EET 2018::query "DROP DATABASE TestDB" want executed due to time limit exceeded
Sun Dec 09 23:49:08 EET 2018::query "CREATE DATABASE TestDB" want executed due to time limit exceeded
Sun Dec 09 23:49:08 EET 2018::Statement Closed
Sun Dec 09 23:49:08 EET 2018::Statement created from connection
Sun Dec 09 23:49:09 EET 2018::query "Create TABLE table_name1(column_name1 varchar, column_name2 int, column_name3 varchar)" want executed due to time limit exceeded
Sun Dec 09 23:49:09 EET 2018::query update "INSERT INTO table_name1(column_NAME1, COLUMN_name3, column_name2) VALUES ('value1', 'value3', 4)" executed
Sun Dec 09 23:49:09 EET 2018::query update "INSERt INTO table_name1(column_NAME1, COLUMN_name3, column_name2) VALUES ('value1', 'value3', 4)" executed
Sun Dec 09 23:49:09 EET 2018::query update "INSERT INTO table_name1(column_name1, COLUMN_NAME3, column_NAME2) VAlUES ('value2', 'value4', 5)" executed
Sun Dec 09 23:49:09 EET 2018::query update "UPDATE table_namE1 SET column_name1='11111111', COLUMN_NAME2=22222222, column_name3='333333333' WHERE coLUmn_NAME3='VALUE3'" executed
Sun Dec 09 23:49:09 EET 2018::Statement Closed
Sun Dec 09 23:49:09 EET 2018::Connection closed
Sun Dec 09 23:49:09 EET 2018::Connected
Sun Dec 09 23:49:09 EET 2018::Statement created from connection
Sun Dec 09 23:49:10 EET 2018::query "DROP DATABASE TestDB" want executed due to time limit exceeded
Sun Dec 09 23:49:11 EET 2018::query "CREATE DATABASE TestDB" want executed due to time limit exceeded
Sun Dec 09 23:49:11 EET 2018::Statement Closed
Sun Dec 09 23:49:11 EET 2018::Statement created from connection
Sun Dec 09 23:49:12 EET 2018::query "CREATE TABLE table_name1(column_name1 varchar, column_name2 int, column_name3 varchar)" want executed due to time limit exceeded
Sun Dec 09 23:49:12 EET 2018::query update "INSERT INTO table_name1(column_NAME1, COLUMN_name3, column_name2) VALUES ('value1', 'value3', 4)" executed
Sun Dec 09 23:49:12 EET 2018::Connected
Sun Dec 09 23:49:12 EET 2018::Statement created from connection
Sun Dec 09 23:49:13 EET 2018::query "DROP DATABASE TestDB" want executed due to time limit exceeded
Sun Dec 09 23:49:14 EET 2018::query "CREATE DATABASE TestDB" want executed due to time limit exceeded
Sun Dec 09 23:49:14 EET 2018::Statement Closed
Sun Dec 09 23:49:14 EET 2018::Statement created from connection
Sun Dec 09 23:49:15 EET 2018::query "CREATE TABLE table_name2(column_name1 varchar, column_name2 int, column_name3 varchar)" want executed due to time limit exceeded
Sun Dec 09 23:49:15 EET 2018::query update "INSERT INTO table_name2(column_NAME1, COLUMN_name3, column_name2) VALUES ('value1', 'value3', 4)" executed
Sun Dec 09 23:49:15 EET 2018::Connected
Sun Dec 09 23:49:15 EET 2018::Statement created from connection
Sun Dec 09 23:49:16 EET 2018::query "DROP DATABASE TestDB" want executed due to time limit exceeded
Sun Dec 09 23:49:17 EET 2018::query "CREATE DATABASE TestDB" want executed due to time limit exceeded
Sun Dec 09 23:49:17 EET 2018::Statement Closed
Sun Dec 09 23:49:17 EET 2018::Statement created from connection
Sun Dec 09 23:49:18 EET 2018::query "CREATE TABLE table_name1(column_name1 varchar, column_name2 int, column_name3 varchar)" want executed due to time limit exceeded
Sun Dec 09 23:49:18 EET 2018::query update "INSERT INTO table_name1(column_NAME1, COLUMN_name3, column_name2) VALUES ('value1', 'value3', 4)" executed
Sun Dec 09 23:49:18 EET 2018::Connected
Sun Dec 09 23:49:18 EET 2018::Statement created from connection
Sun Dec 09 23:49:19 EET 2018::query "DROP DATABASE TestDB_Select" want executed due to time limit exceeded
Sun Dec 09 23:49:20 EET 2018::query "CREATE DATABASE TestDB_Select" want executed due to time limit exceeded
Sun Dec 09 23:49:20 EET 2018::Statement Closed
Sun Dec 09 23:49:20 EET 2018::Statement created from connection
Sun Dec 09 23:49:21 EET 2018::query "CREATE TABLE table_name13(column_name1 varchar, column_name2 int, column_name3 varchar)" want executed due to time limit exceeded
Sun Dec 09 23:49:21 EET 2018::query update "INSERT INTO table_name13(column_NAME1, COLUMN_name3, column_name2) VALUES ('value1', 'value3', 4)" executed
Sun Dec 09 23:49:56 EET 2018::Connected
Sun Dec 09 23:49:56 EET 2018::Statement created from connection
Sun Dec 09 23:49:57 EET 2018::query "DROP DATABASE TestDB_Select" want executed due to time limit exceeded
Sun Dec 09 23:49:58 EET 2018::query "CREATE DATABASE TestDB_Select" want executed due to time limit exceeded
Sun Dec 09 23:49:58 EET 2018::Statement Closed
Sun Dec 09 23:49:58 EET 2018::Statement created from connection
Sun Dec 09 23:49:59 EET 2018::query "CREATE TABLE table_name12(column_name1 varchar, column_name2 int, column_name3 varchar)" want executed due to time limit exceeded
Sun Dec 09 23:49:59 EET 2018::query update "INSERT INTO table_name12(column_NAME1, COLUMN_name3, column_name2) VALUES ('value1', 'value3', 4)" executed
